[0m13:40:16.567171 [debug] [MainThread]: Sending event: {'category': 'dbt', 'action': 'invocation', 'label': 'start', 'context': [<snowplow_tracker.self_describing_json.SelfDescribingJson object at 0x00000287E1B54620>, <snowplow_tracker.self_describing_json.SelfDescribingJson object at 0x00000287E52B8E60>, <snowplow_tracker.self_describing_json.SelfDescribingJson object at 0x00000287E52B93A0>]}


============================== 13:40:16.575924 | c36218b2-297e-4a1b-a937-bb7e0bd3b222 ==============================
[0m13:40:16.575924 [info ] [MainThread]: Running with dbt=1.11.11
[0m13:40:16.577240 [debug] [MainThread]: running dbt with arguments {'static_parser': 'True', 'no_print': 'None', 'version_check': 'True', 'target_path': 'None', 'warn_error_options': 'WarnErrorOptionsV2(error=[], warn=[], silence=[])', 'printer_width': '80', 'write_json': 'True', 'introspect': 'True', 'log_cache_events': 'False', 'empty': 'None', 'cache_selected_only': 'False', 'fail_fast': 'False', 'debug': 'False', 'log_format': 'default', 'profiles_dir': 'C:\\Users\\user\\.dbt', 'send_anonymous_usage_stats': 'True', 'quiet': 'False', 'warn_error': 'None', 'partial_parse': 'True', 'indirect_selection': 'eager', 'use_colors': 'True', 'invocation_command': 'dbt debug', 'use_experimental_parser': 'False', 'log_path': 'logs'}
[0m13:40:16.636373 [info ] [MainThread]: dbt version: 1.11.11
[0m13:40:16.637537 [info ] [MainThread]: python version: 3.12.4
[0m13:40:16.638557 [info ] [MainThread]: python path: C:\Users\user\AppData\Local\Programs\Python\Python312\python.exe
[0m13:40:16.638557 [info ] [MainThread]: os info: Windows-11-10.0.26200-SP0
[0m13:40:17.161189 [info ] [MainThread]: Using profiles dir at C:\Users\user\.dbt
[0m13:40:17.162196 [info ] [MainThread]: Using profiles.yml file at C:\Users\user\.dbt\profiles.yml
[0m13:40:17.163189 [info ] [MainThread]: Using dbt_project.yml file at C:\Users\user\Desktop\Weekly_task\Data_pipeline_ci_week8\dbt_project.yml
[0m13:40:17.165198 [info ] [MainThread]: adapter type: postgres
[0m13:40:17.165908 [info ] [MainThread]: adapter version: 1.10.0
[0m13:40:17.167049 [info ] [MainThread]: Configuration:
[0m13:40:17.168084 [info ] [MainThread]:   profiles.yml file [[32mOK found and valid[0m]
[0m13:40:17.168084 [info ] [MainThread]:   dbt_project.yml file [[31mERROR not found[0m]
[0m13:40:17.169085 [info ] [MainThread]: Required dependencies:
[0m13:40:17.170085 [debug] [MainThread]: Executing "git --help"
[0m13:40:17.233230 [debug] [MainThread]: STDOUT: "b"usage: git [-v | --version] [-h | --help] [-C <path>] [-c <name>=<value>]\n           [--exec-path[=<path>]] [--html-path] [--man-path] [--info-path]\n           [-p | --paginate | -P | --no-pager] [--no-replace-objects] [--no-lazy-fetch]\n           [--no-optional-locks] [--no-advice] [--bare] [--git-dir=<path>]\n           [--work-tree=<path>] [--namespace=<name>] [--config-env=<name>=<envvar>]\n           <command> [<args>]\n\nThese are common Git commands used in various situations:\n\nstart a working area (see also: git help tutorial)\n   clone      Clone a repository into a new directory\n   init       Create an empty Git repository or reinitialize an existing one\n\nwork on the current change (see also: git help everyday)\n   add        Add file contents to the index\n   mv         Move or rename a file, a directory, or a symlink\n   restore    Restore working tree files\n   rm         Remove files from the working tree and from the index\n\nexamine the history and state (see also: git help revisions)\n   bisect     Use binary search to find the commit that introduced a bug\n   diff       Show changes between commits, commit and working tree, etc\n   grep       Print lines matching a pattern\n   log        Show commit logs\n   show       Show various types of objects\n   status     Show the working tree status\n\ngrow, mark and tweak your common history\n   backfill   Download missing objects in a partial clone\n   branch     List, create, or delete branches\n   commit     Record changes to the repository\n   merge      Join two or more development histories together\n   rebase     Reapply commits on top of another base tip\n   reset      Reset current HEAD to the specified state\n   switch     Switch branches\n   tag        Create, list, delete or verify a tag object signed with GPG\n\ncollaborate (see also: git help workflows)\n   fetch      Download objects and refs from another repository\n   pull       Fetch from and integrate with another repository or a local branch\n   push       Update remote refs along with associated objects\n\n'git help -a' and 'git help -g' list available subcommands and some\nconcept guides. See 'git help <command>' or 'git help <concept>'\nto read about a specific subcommand or concept.\nSee 'git help git' for an overview of the system.\n""
[0m13:40:17.234534 [debug] [MainThread]: STDERR: "b''"
[0m13:40:17.235558 [info ] [MainThread]:  - git [[32mOK found[0m]

[0m13:40:17.235558 [info ] [MainThread]: Connection:
[0m13:40:17.236578 [info ] [MainThread]:   host: postgres-db
[0m13:40:17.238579 [info ] [MainThread]:   port: 5432
[0m13:40:17.239583 [info ] [MainThread]:   user: airflow
[0m13:40:17.241574 [info ] [MainThread]:   database: airflow
[0m13:40:17.242572 [info ] [MainThread]:   schema: public
[0m13:40:17.243576 [info ] [MainThread]:   connect_timeout: 10
[0m13:40:17.243576 [info ] [MainThread]:   role: None
[0m13:40:17.244571 [info ] [MainThread]:   search_path: None
[0m13:40:17.245572 [info ] [MainThread]:   keepalives_idle: 0
[0m13:40:17.245572 [info ] [MainThread]:   sslmode: None
[0m13:40:17.246571 [info ] [MainThread]:   sslcert: None
[0m13:40:17.247578 [info ] [MainThread]:   sslkey: None
[0m13:40:17.248572 [info ] [MainThread]:   sslrootcert: None
[0m13:40:17.249552 [info ] [MainThread]:   application_name: dbt
[0m13:40:17.250576 [info ] [MainThread]:   retries: 1
[0m13:40:17.251574 [info ] [MainThread]: Registered adapter: postgres=1.10.0
[0m13:40:18.313992 [debug] [MainThread]: Acquiring new postgres connection 'debug'
[0m13:40:23.208185 [debug] [MainThread]: Using postgres connection "debug"
[0m13:40:23.208905 [debug] [MainThread]: On debug: select 1 as id
[0m13:40:23.208905 [debug] [MainThread]: Opening a new connection, currently in state init
[0m13:40:25.914469 [debug] [MainThread]: Postgres adapter: Got a retryable error when attempting to open a postgres connection.
1 attempts remaining. Retrying in 0 seconds.
Error:
could not translate host name "postgres-db" to address: Name or service not known

[0m13:40:28.612544 [debug] [MainThread]: Postgres adapter: Error running SQL: select 1 as id
[0m13:40:28.613563 [debug] [MainThread]: Postgres adapter: Rolling back transaction.
[0m13:40:28.613563 [debug] [MainThread]: On debug: No close available on handle
[0m13:40:28.613563 [info ] [MainThread]:   Connection test: [[31mERROR[0m]

[0m13:40:28.614591 [info ] [MainThread]: [31m2 checks failed:[0m
[0m13:40:28.616593 [info ] [MainThread]: Project loading failed for the following reason:
 project path <C:\Users\user\Desktop\Weekly_task\Data_pipeline_ci_week8\dbt_project.yml> not found

[0m13:40:28.617583 [info ] [MainThread]: dbt was unable to connect to the specified database.
The database returned the following error:

  >Database Error
  could not translate host name "postgres-db" to address: Name or service not known
  

Check your database credentials and try again. For more information, visit:
https://docs.getdbt.com/docs/configure-your-profile


[0m13:40:28.618580 [debug] [MainThread]: Command `dbt debug` failed at 13:40:28.618580 after 12.35 seconds
[0m13:40:28.619584 [debug] [MainThread]: Connection 'debug' was properly closed.
[0m13:40:28.619584 [debug] [MainThread]: Sending event: {'category': 'dbt', 'action': 'invocation', 'label': 'end', 'context': [<snowplow_tracker.self_describing_json.SelfDescribingJson object at 0x00000287E567F0B0>, <snowplow_tracker.self_describing_json.SelfDescribingJson object at 0x00000287E54FA060>, <snowplow_tracker.self_describing_json.SelfDescribingJson object at 0x00000287E54FB650>]}
[0m13:40:28.620579 [debug] [MainThread]: Flushing usage events
[0m13:40:29.846372 [debug] [MainThread]: An error was encountered while trying to flush usage events
[0m13:42:37.987602 [debug] [MainThread]: Sending event: {'category': 'dbt', 'action': 'invocation', 'label': 'start', 'context': [<snowplow_tracker.self_describing_json.SelfDescribingJson object at 0x000002C2FEBAB320>, <snowplow_tracker.self_describing_json.SelfDescribingJson object at 0x000002C2FFBA9F40>, <snowplow_tracker.self_describing_json.SelfDescribingJson object at 0x000002C2FFBA9C10>]}


============================== 13:42:38.003014 | 44d1e3c7-616a-4d65-9a2d-0d1869798597 ==============================
[0m13:42:38.003014 [info ] [MainThread]: Running with dbt=1.8.2
[0m13:42:38.004055 [debug] [MainThread]: running dbt with arguments {'printer_width': '80', 'indirect_selection': 'eager', 'log_cache_events': 'False', 'write_json': 'True', 'partial_parse': 'True', 'cache_selected_only': 'False', 'warn_error': 'None', 'debug': 'False', 'profiles_dir': 'C:\\Users\\user\\.dbt', 'log_path': 'logs', 'fail_fast': 'False', 'version_check': 'True', 'use_colors': 'True', 'use_experimental_parser': 'False', 'no_print': 'None', 'quiet': 'False', 'warn_error_options': 'WarnErrorOptions(include=[], exclude=[])', 'invocation_command': 'dbt debug', 'log_format': 'default', 'static_parser': 'True', 'target_path': 'None', 'introspect': 'True', 'send_anonymous_usage_stats': 'True'}
[0m13:42:38.061110 [info ] [MainThread]: dbt version: 1.8.2
[0m13:42:38.061110 [info ] [MainThread]: python version: 3.12.4
[0m13:42:38.062116 [info ] [MainThread]: python path: C:\Users\user\Desktop\Weekly_task\Data_pipeline_ci_Week8\venv\Scripts\python.exe
[0m13:42:38.062697 [info ] [MainThread]: os info: Windows-11-10.0.26200-SP0
[0m13:42:38.187922 [info ] [MainThread]: Using profiles dir at C:\Users\user\.dbt
[0m13:42:38.188923 [info ] [MainThread]: Using profiles.yml file at C:\Users\user\.dbt\profiles.yml
[0m13:42:38.190934 [info ] [MainThread]: Using dbt_project.yml file at C:\Users\user\Desktop\Weekly_task\Data_pipeline_ci_week8\dbt_project.yml
[0m13:42:38.193923 [info ] [MainThread]: adapter type: postgres
[0m13:42:38.193923 [info ] [MainThread]: adapter version: 1.8.2
[0m13:42:38.196312 [info ] [MainThread]: Configuration:
[0m13:42:38.197321 [info ] [MainThread]:   profiles.yml file [[32mOK found and valid[0m]
[0m13:42:38.198341 [info ] [MainThread]:   dbt_project.yml file [[31mERROR not found[0m]
[0m13:42:38.200367 [info ] [MainThread]: Required dependencies:
[0m13:42:38.200367 [debug] [MainThread]: Executing "git --help"
[0m13:42:38.267254 [debug] [MainThread]: STDOUT: "b"usage: git [-v | --version] [-h | --help] [-C <path>] [-c <name>=<value>]\n           [--exec-path[=<path>]] [--html-path] [--man-path] [--info-path]\n           [-p | --paginate | -P | --no-pager] [--no-replace-objects] [--no-lazy-fetch]\n           [--no-optional-locks] [--no-advice] [--bare] [--git-dir=<path>]\n           [--work-tree=<path>] [--namespace=<name>] [--config-env=<name>=<envvar>]\n           <command> [<args>]\n\nThese are common Git commands used in various situations:\n\nstart a working area (see also: git help tutorial)\n   clone      Clone a repository into a new directory\n   init       Create an empty Git repository or reinitialize an existing one\n\nwork on the current change (see also: git help everyday)\n   add        Add file contents to the index\n   mv         Move or rename a file, a directory, or a symlink\n   restore    Restore working tree files\n   rm         Remove files from the working tree and from the index\n\nexamine the history and state (see also: git help revisions)\n   bisect     Use binary search to find the commit that introduced a bug\n   diff       Show changes between commits, commit and working tree, etc\n   grep       Print lines matching a pattern\n   log        Show commit logs\n   show       Show various types of objects\n   status     Show the working tree status\n\ngrow, mark and tweak your common history\n   backfill   Download missing objects in a partial clone\n   branch     List, create, or delete branches\n   commit     Record changes to the repository\n   merge      Join two or more development histories together\n   rebase     Reapply commits on top of another base tip\n   reset      Reset current HEAD to the specified state\n   switch     Switch branches\n   tag        Create, list, delete or verify a tag object signed with GPG\n\ncollaborate (see also: git help workflows)\n   fetch      Download objects and refs from another repository\n   pull       Fetch from and integrate with another repository or a local branch\n   push       Update remote refs along with associated objects\n\n'git help -a' and 'git help -g' list available subcommands and some\nconcept guides. See 'git help <command>' or 'git help <concept>'\nto read about a specific subcommand or concept.\nSee 'git help git' for an overview of the system.\n""
[0m13:42:38.268247 [debug] [MainThread]: STDERR: "b''"
[0m13:42:38.269244 [info ] [MainThread]:  - git [[32mOK found[0m]

[0m13:42:38.270256 [info ] [MainThread]: Connection:
[0m13:42:38.271259 [info ] [MainThread]:   host: postgres-db
[0m13:42:38.272246 [info ] [MainThread]:   port: 5432
[0m13:42:38.273248 [info ] [MainThread]:   user: airflow
[0m13:42:38.273248 [info ] [MainThread]:   database: airflow
[0m13:42:38.274358 [info ] [MainThread]:   schema: public
[0m13:42:38.275387 [info ] [MainThread]:   connect_timeout: 10
[0m13:42:38.275387 [info ] [MainThread]:   role: None
[0m13:42:38.277771 [info ] [MainThread]:   search_path: None
[0m13:42:38.277771 [info ] [MainThread]:   keepalives_idle: 0
[0m13:42:38.278771 [info ] [MainThread]:   sslmode: None
[0m13:42:38.278771 [info ] [MainThread]:   sslcert: None
[0m13:42:38.280091 [info ] [MainThread]:   sslkey: None
[0m13:42:38.281092 [info ] [MainThread]:   sslrootcert: None
[0m13:42:38.282104 [info ] [MainThread]:   application_name: dbt
[0m13:42:38.283090 [info ] [MainThread]:   retries: 1
[0m13:42:38.284087 [info ] [MainThread]: Registered adapter: postgres=1.8.2
[0m13:42:38.675895 [debug] [MainThread]: Acquiring new postgres connection 'debug'
[0m13:42:38.812612 [debug] [MainThread]: Using postgres connection "debug"
[0m13:42:38.812612 [debug] [MainThread]: On debug: select 1 as id
[0m13:42:38.812612 [debug] [MainThread]: Opening a new connection, currently in state init
[0m13:42:41.514939 [debug] [MainThread]: Postgres adapter: Got a retryable error when attempting to open a postgres connection.
1 attempts remaining. Retrying in 0 seconds.
Error:
could not translate host name "postgres-db" to address: Name or service not known

[0m13:42:44.217374 [debug] [MainThread]: Postgres adapter: Error running SQL: select 1 as id
[0m13:42:44.218375 [debug] [MainThread]: Postgres adapter: Rolling back transaction.
[0m13:42:44.218375 [debug] [MainThread]: On debug: No close available on handle
[0m13:42:44.219377 [info ] [MainThread]:   Connection test: [[31mERROR[0m]

[0m13:42:44.220376 [info ] [MainThread]: [31m2 checks failed:[0m
[0m13:42:44.221367 [info ] [MainThread]: Project loading failed for the following reason:
 project path <C:\Users\user\Desktop\Weekly_task\Data_pipeline_ci_week8\dbt_project.yml> not found

[0m13:42:44.221367 [info ] [MainThread]: dbt was unable to connect to the specified database.
The database returned the following error:

  >Database Error
  could not translate host name "postgres-db" to address: Name or service not known
  

Check your database credentials and try again. For more information, visit:
https://docs.getdbt.com/docs/configure-your-profile


[0m13:42:44.222369 [debug] [MainThread]: Command `dbt debug` failed at 13:42:44.222369 after 6.42 seconds
[0m13:42:44.223839 [debug] [MainThread]: Connection 'debug' was properly closed.
[0m13:42:44.223839 [debug] [MainThread]: Sending event: {'category': 'dbt', 'action': 'invocation', 'label': 'end', 'context': [<snowplow_tracker.self_describing_json.SelfDescribingJson object at 0x000002C2810EFCE0>, <snowplow_tracker.self_describing_json.SelfDescribingJson object at 0x000002C2FD866900>, <snowplow_tracker.self_describing_json.SelfDescribingJson object at 0x000002C2FD8D5E50>]}
[0m13:42:44.223839 [debug] [MainThread]: Flushing usage events
[0m13:42:53.981982 [debug] [MainThread]: Sending event: {'category': 'dbt', 'action': 'invocation', 'label': 'start', 'context': [<snowplow_tracker.self_describing_json.SelfDescribingJson object at 0x0000026353E84D10>, <snowplow_tracker.self_describing_json.SelfDescribingJson object at 0x0000026353126570>, <snowplow_tracker.self_describing_json.SelfDescribingJson object at 0x00000263533B6960>]}


============================== 13:42:53.987658 | 3e9e649e-5d50-45d8-bfd3-96fbfc7ab38b ==============================
[0m13:42:53.987658 [info ] [MainThread]: Running with dbt=1.8.2
[0m13:42:53.989679 [debug] [MainThread]: running dbt with arguments {'printer_width': '80', 'indirect_selection': 'eager', 'log_cache_events': 'False', 'write_json': 'True', 'partial_parse': 'True', 'cache_selected_only': 'False', 'warn_error': 'None', 'debug': 'False', 'profiles_dir': 'C:\\Users\\user\\.dbt', 'log_path': 'logs', 'version_check': 'True', 'fail_fast': 'False', 'use_colors': 'True', 'use_experimental_parser': 'False', 'no_print': 'None', 'quiet': 'False', 'warn_error_options': 'WarnErrorOptions(include=[], exclude=[])', 'invocation_command': 'dbt run', 'log_format': 'default', 'static_parser': 'True', 'target_path': 'None', 'introspect': 'True', 'send_anonymous_usage_stats': 'True'}
[0m13:42:53.990700 [error] [MainThread]: Encountered an error:
Runtime Error
  No dbt_project.yml found at expected path C:\Users\user\Desktop\Weekly_task\Data_pipeline_ci_week8\dbt_project.yml
  Verify that each entry within packages.yml (and their transitive dependencies) contains a file named dbt_project.yml
  
[0m13:42:53.992687 [debug] [MainThread]: Command `dbt run` failed at 13:42:53.992687 after 0.16 seconds
[0m13:42:53.992687 [debug] [MainThread]: Sending event: {'category': 'dbt', 'action': 'invocation', 'label': 'end', 'context': [<snowplow_tracker.self_describing_json.SelfDescribingJson object at 0x0000026353758B60>, <snowplow_tracker.self_describing_json.SelfDescribingJson object at 0x0000026353EACCE0>, <snowplow_tracker.self_describing_json.SelfDescribingJson object at 0x0000026353EAD670>]}
[0m13:42:53.994118 [debug] [MainThread]: Flushing usage events
[0m13:45:32.649597 [debug] [MainThread]: Sending event: {'category': 'dbt', 'action': 'invocation', 'label': 'start', 'context': [<snowplow_tracker.self_describing_json.SelfDescribingJson object at 0x000001F84E396930>, <snowplow_tracker.self_describing_json.SelfDescribingJson object at 0x000001F84DE8EF00>, <snowplow_tracker.self_describing_json.SelfDescribingJson object at 0x000001F84E397D10>]}


============================== 13:45:32.656153 | ed96969c-0381-4615-be9b-c73d736b131c ==============================
[0m13:45:32.656153 [info ] [MainThread]: Running with dbt=1.8.2
[0m13:45:32.657154 [debug] [MainThread]: running dbt with arguments {'printer_width': '80', 'indirect_selection': 'eager', 'log_cache_events': 'False', 'write_json': 'True', 'partial_parse': 'True', 'cache_selected_only': 'False', 'profiles_dir': 'C:\\Users\\user\\.dbt', 'version_check': 'True', 'fail_fast': 'False', 'log_path': 'logs', 'debug': 'False', 'warn_error': 'None', 'use_colors': 'True', 'use_experimental_parser': 'False', 'no_print': 'None', 'quiet': 'False', 'log_format': 'default', 'introspect': 'True', 'static_parser': 'True', 'invocation_command': 'dbt debug', 'target_path': 'None', 'warn_error_options': 'WarnErrorOptions(include=[], exclude=[])', 'send_anonymous_usage_stats': 'True'}
[0m13:45:32.701751 [info ] [MainThread]: dbt version: 1.8.2
[0m13:45:32.702736 [info ] [MainThread]: python version: 3.12.4
[0m13:45:32.702736 [info ] [MainThread]: python path: C:\Users\user\Desktop\Weekly_task\Data_pipeline_ci_Week8\venv\Scripts\python.exe
[0m13:45:32.702736 [info ] [MainThread]: os info: Windows-11-10.0.26200-SP0
[0m13:45:32.797304 [info ] [MainThread]: Using profiles dir at C:\Users\user\.dbt
[0m13:45:32.798306 [info ] [MainThread]: Using profiles.yml file at C:\Users\user\.dbt\profiles.yml
[0m13:45:32.799314 [info ] [MainThread]: Using dbt_project.yml file at C:\Users\user\Desktop\Weekly_task\Data_pipeline_ci_week8\dbt_project.yml
[0m13:45:32.801307 [info ] [MainThread]: adapter type: postgres
[0m13:45:32.801307 [info ] [MainThread]: adapter version: 1.8.2
[0m13:45:32.802313 [info ] [MainThread]: Configuration:
[0m13:45:32.803286 [info ] [MainThread]:   profiles.yml file [[32mOK found and valid[0m]
[0m13:45:32.804289 [info ] [MainThread]:   dbt_project.yml file [[31mERROR not found[0m]
[0m13:45:32.805305 [info ] [MainThread]: Required dependencies:
[0m13:45:32.806305 [debug] [MainThread]: Executing "git --help"
[0m13:45:32.855332 [debug] [MainThread]: STDOUT: "b"usage: git [-v | --version] [-h | --help] [-C <path>] [-c <name>=<value>]\n           [--exec-path[=<path>]] [--html-path] [--man-path] [--info-path]\n           [-p | --paginate | -P | --no-pager] [--no-replace-objects] [--no-lazy-fetch]\n           [--no-optional-locks] [--no-advice] [--bare] [--git-dir=<path>]\n           [--work-tree=<path>] [--namespace=<name>] [--config-env=<name>=<envvar>]\n           <command> [<args>]\n\nThese are common Git commands used in various situations:\n\nstart a working area (see also: git help tutorial)\n   clone      Clone a repository into a new directory\n   init       Create an empty Git repository or reinitialize an existing one\n\nwork on the current change (see also: git help everyday)\n   add        Add file contents to the index\n   mv         Move or rename a file, a directory, or a symlink\n   restore    Restore working tree files\n   rm         Remove files from the working tree and from the index\n\nexamine the history and state (see also: git help revisions)\n   bisect     Use binary search to find the commit that introduced a bug\n   diff       Show changes between commits, commit and working tree, etc\n   grep       Print lines matching a pattern\n   log        Show commit logs\n   show       Show various types of objects\n   status     Show the working tree status\n\ngrow, mark and tweak your common history\n   backfill   Download missing objects in a partial clone\n   branch     List, create, or delete branches\n   commit     Record changes to the repository\n   merge      Join two or more development histories together\n   rebase     Reapply commits on top of another base tip\n   reset      Reset current HEAD to the specified state\n   switch     Switch branches\n   tag        Create, list, delete or verify a tag object signed with GPG\n\ncollaborate (see also: git help workflows)\n   fetch      Download objects and refs from another repository\n   pull       Fetch from and integrate with another repository or a local branch\n   push       Update remote refs along with associated objects\n\n'git help -a' and 'git help -g' list available subcommands and some\nconcept guides. See 'git help <command>' or 'git help <concept>'\nto read about a specific subcommand or concept.\nSee 'git help git' for an overview of the system.\n""
[0m13:45:32.855332 [debug] [MainThread]: STDERR: "b''"
[0m13:45:32.856380 [info ] [MainThread]:  - git [[32mOK found[0m]

[0m13:45:32.857383 [info ] [MainThread]: Connection:
[0m13:45:32.857383 [info ] [MainThread]:   host: postgres-db
[0m13:45:32.858380 [info ] [MainThread]:   port: 5432
[0m13:45:32.859370 [info ] [MainThread]:   user: airflow
[0m13:45:32.859370 [info ] [MainThread]:   database: airflow
[0m13:45:32.860382 [info ] [MainThread]:   schema: public
[0m13:45:32.861384 [info ] [MainThread]:   connect_timeout: 10
[0m13:45:32.861384 [info ] [MainThread]:   role: None
[0m13:45:32.862363 [info ] [MainThread]:   search_path: None
[0m13:45:32.863363 [info ] [MainThread]:   keepalives_idle: 0
[0m13:45:32.863363 [info ] [MainThread]:   sslmode: None
[0m13:45:32.864357 [info ] [MainThread]:   sslcert: None
[0m13:45:32.864357 [info ] [MainThread]:   sslkey: None
[0m13:45:32.865364 [info ] [MainThread]:   sslrootcert: None
[0m13:45:32.866365 [info ] [MainThread]:   application_name: dbt
[0m13:45:32.867364 [info ] [MainThread]:   retries: 1
[0m13:45:32.868360 [info ] [MainThread]: Registered adapter: postgres=1.8.2
[0m13:45:33.113582 [debug] [MainThread]: Acquiring new postgres connection 'debug'
[0m13:45:33.181922 [debug] [MainThread]: Using postgres connection "debug"
[0m13:45:33.182922 [debug] [MainThread]: On debug: select 1 as id
[0m13:45:33.182922 [debug] [MainThread]: Opening a new connection, currently in state init
[0m13:45:35.869306 [debug] [MainThread]: Postgres adapter: Got a retryable error when attempting to open a postgres connection.
1 attempts remaining. Retrying in 0 seconds.
Error:
could not translate host name "postgres-db" to address: Name or service not known

[0m13:45:38.581780 [debug] [MainThread]: Postgres adapter: Error running SQL: select 1 as id
[0m13:45:38.582775 [debug] [MainThread]: Postgres adapter: Rolling back transaction.
[0m13:45:38.582775 [debug] [MainThread]: On debug: No close available on handle
[0m13:45:38.582775 [info ] [MainThread]:   Connection test: [[31mERROR[0m]

[0m13:45:38.584063 [info ] [MainThread]: [31m2 checks failed:[0m
[0m13:45:38.585068 [info ] [MainThread]: Project loading failed for the following reason:
 project path <C:\Users\user\Desktop\Weekly_task\Data_pipeline_ci_week8\dbt_project.yml> not found

[0m13:45:38.586071 [info ] [MainThread]: dbt was unable to connect to the specified database.
The database returned the following error:

  >Database Error
  could not translate host name "postgres-db" to address: Name or service not known
  

Check your database credentials and try again. For more information, visit:
https://docs.getdbt.com/docs/configure-your-profile


[0m13:45:38.587068 [debug] [MainThread]: Command `dbt debug` failed at 13:45:38.586071 after 6.19 seconds
[0m13:45:38.587068 [debug] [MainThread]: Connection 'debug' was properly closed.
[0m13:45:38.587068 [debug] [MainThread]: Sending event: {'category': 'dbt', 'action': 'invocation', 'label': 'end', 'context': [<snowplow_tracker.self_describing_json.SelfDescribingJson object at 0x000001F84DE8EF00>, <snowplow_tracker.self_describing_json.SelfDescribingJson object at 0x000001F84ED887D0>, <snowplow_tracker.self_describing_json.SelfDescribingJson object at 0x000001F84EAEFBC0>]}
[0m13:45:38.588051 [debug] [MainThread]: Flushing usage events
[0m13:49:16.258083 [debug] [MainThread]: Sending event: {'category': 'dbt', 'action': 'invocation', 'label': 'start', 'context': [<snowplow_tracker.self_describing_json.SelfDescribingJson object at 0x0000024B0832A5A0>, <snowplow_tracker.self_describing_json.SelfDescribingJson object at 0x0000024B0B25D640>, <snowplow_tracker.self_describing_json.SelfDescribingJson object at 0x0000024B0B2B1100>]}


============================== 13:49:16.265067 | 0b390b80-24e6-484a-a596-ae365de80940 ==============================
[0m13:49:16.265067 [info ] [MainThread]: Running with dbt=1.8.2
[0m13:49:16.266075 [debug] [MainThread]: running dbt with arguments {'printer_width': '80', 'indirect_selection': 'eager', 'log_cache_events': 'False', 'write_json': 'True', 'partial_parse': 'True', 'cache_selected_only': 'False', 'warn_error': 'None', 'debug': 'False', 'fail_fast': 'False', 'log_path': 'C:\\Users\\user\\Desktop\\Weekly_task\\Data_pipeline_ci_week8\\logs', 'version_check': 'True', 'profiles_dir': 'C:\\Users\\user\\.dbt', 'use_colors': 'True', 'use_experimental_parser': 'False', 'no_print': 'None', 'quiet': 'False', 'warn_error_options': 'WarnErrorOptions(include=[], exclude=[])', 'introspect': 'True', 'static_parser': 'True', 'log_format': 'default', 'target_path': 'None', 'invocation_command': 'dbt debug', 'send_anonymous_usage_stats': 'True'}
[0m13:49:16.310135 [info ] [MainThread]: dbt version: 1.8.2
[0m13:49:16.311138 [info ] [MainThread]: python version: 3.12.4
[0m13:49:16.312130 [info ] [MainThread]: python path: C:\Users\user\Desktop\Weekly_task\Data_pipeline_ci_Week8\venv\Scripts\python.exe
[0m13:49:16.313137 [info ] [MainThread]: os info: Windows-11-10.0.26200-SP0
[0m13:49:16.317136 [info ] [MainThread]: Using profiles dir at C:\Users\user\.dbt
[0m13:49:16.318133 [info ] [MainThread]: Using profiles.yml file at C:\Users\user\.dbt\profiles.yml
[0m13:49:16.319129 [info ] [MainThread]: Using dbt_project.yml file at C:\Users\user\Desktop\Weekly_task\Data_pipeline_ci_week8\dbt_project.yml
[0m13:49:16.396550 [info ] [MainThread]: Configuration:
[0m13:49:16.397552 [info ] [MainThread]:   profiles.yml file [[31mERROR invalid[0m]
[0m13:49:16.399560 [info ] [MainThread]:   dbt_project.yml file [[32mOK found and valid[0m]
[0m13:49:16.400536 [info ] [MainThread]: Required dependencies:
[0m13:49:16.401529 [debug] [MainThread]: Executing "git --help"
[0m13:49:16.451070 [debug] [MainThread]: STDOUT: "b"usage: git [-v | --version] [-h | --help] [-C <path>] [-c <name>=<value>]\n           [--exec-path[=<path>]] [--html-path] [--man-path] [--info-path]\n           [-p | --paginate | -P | --no-pager] [--no-replace-objects] [--no-lazy-fetch]\n           [--no-optional-locks] [--no-advice] [--bare] [--git-dir=<path>]\n           [--work-tree=<path>] [--namespace=<name>] [--config-env=<name>=<envvar>]\n           <command> [<args>]\n\nThese are common Git commands used in various situations:\n\nstart a working area (see also: git help tutorial)\n   clone      Clone a repository into a new directory\n   init       Create an empty Git repository or reinitialize an existing one\n\nwork on the current change (see also: git help everyday)\n   add        Add file contents to the index\n   mv         Move or rename a file, a directory, or a symlink\n   restore    Restore working tree files\n   rm         Remove files from the working tree and from the index\n\nexamine the history and state (see also: git help revisions)\n   bisect     Use binary search to find the commit that introduced a bug\n   diff       Show changes between commits, commit and working tree, etc\n   grep       Print lines matching a pattern\n   log        Show commit logs\n   show       Show various types of objects\n   status     Show the working tree status\n\ngrow, mark and tweak your common history\n   backfill   Download missing objects in a partial clone\n   branch     List, create, or delete branches\n   commit     Record changes to the repository\n   merge      Join two or more development histories together\n   rebase     Reapply commits on top of another base tip\n   reset      Reset current HEAD to the specified state\n   switch     Switch branches\n   tag        Create, list, delete or verify a tag object signed with GPG\n\ncollaborate (see also: git help workflows)\n   fetch      Download objects and refs from another repository\n   pull       Fetch from and integrate with another repository or a local branch\n   push       Update remote refs along with associated objects\n\n'git help -a' and 'git help -g' list available subcommands and some\nconcept guides. See 'git help <command>' or 'git help <concept>'\nto read about a specific subcommand or concept.\nSee 'git help git' for an overview of the system.\n""
[0m13:49:16.451070 [debug] [MainThread]: STDERR: "b''"
[0m13:49:16.452070 [info ] [MainThread]:  - git [[32mOK found[0m]

[0m13:49:16.452070 [info ] [MainThread]: Connection test skipped since no profile was found
[0m13:49:16.453070 [info ] [MainThread]: [31m1 check failed:[0m
[0m13:49:16.453070 [info ] [MainThread]: Profile loading failed for the following reason:
Runtime Error
  Could not find profile named 'warehouse_profile'


[0m13:49:16.454071 [debug] [MainThread]: Command `dbt debug` failed at 13:49:16.454071 after 0.50 seconds
[0m13:49:16.454071 [debug] [MainThread]: Sending event: {'category': 'dbt', 'action': 'invocation', 'label': 'end', 'context': [<snowplow_tracker.self_describing_json.SelfDescribingJson object at 0x0000024B0832A5A0>, <snowplow_tracker.self_describing_json.SelfDescribingJson object at 0x0000024B0A09B7D0>, <snowplow_tracker.self_describing_json.SelfDescribingJson object at 0x0000024B0B236690>]}
[0m13:49:16.455075 [debug] [MainThread]: Flushing usage events
[0m13:51:12.828812 [debug] [MainThread]: Sending event: {'category': 'dbt', 'action': 'invocation', 'label': 'start', 'context': [<snowplow_tracker.self_describing_json.SelfDescribingJson object at 0x0000027E7A987F80>, <snowplow_tracker.self_describing_json.SelfDescribingJson object at 0x0000027E7A984F80>, <snowplow_tracker.self_describing_json.SelfDescribingJson object at 0x0000027E7A985010>]}


============================== 13:51:12.837376 | 42bd7c49-ab4c-47d2-aa94-e9ae429d6bdf ==============================
[0m13:51:12.837376 [info ] [MainThread]: Running with dbt=1.8.2
[0m13:51:12.838366 [debug] [MainThread]: running dbt with arguments {'printer_width': '80', 'indirect_selection': 'eager', 'write_json': 'True', 'log_cache_events': 'False', 'partial_parse': 'True', 'cache_selected_only': 'False', 'warn_error': 'None', 'debug': 'False', 'fail_fast': 'False', 'log_path': 'C:\\Users\\user\\Desktop\\Weekly_task\\Data_pipeline_ci_week8\\logs', 'version_check': 'True', 'profiles_dir': 'C:\\Users\\user\\.dbt', 'use_colors': 'True', 'use_experimental_parser': 'False', 'no_print': 'None', 'quiet': 'False', 'log_format': 'default', 'introspect': 'True', 'warn_error_options': 'WarnErrorOptions(include=[], exclude=[])', 'invocation_command': 'dbt debug', 'target_path': 'None', 'static_parser': 'True', 'send_anonymous_usage_stats': 'True'}
[0m13:51:12.880357 [info ] [MainThread]: dbt version: 1.8.2
[0m13:51:12.880862 [info ] [MainThread]: python version: 3.12.4
[0m13:51:12.880862 [info ] [MainThread]: python path: C:\Users\user\Desktop\Weekly_task\Data_pipeline_ci_Week8\venv\Scripts\python.exe
[0m13:51:12.882157 [info ] [MainThread]: os info: Windows-11-10.0.26200-SP0
[0m13:51:12.885171 [info ] [MainThread]: Using profiles dir at C:\Users\user\.dbt
[0m13:51:12.885171 [info ] [MainThread]: Using profiles.yml file at C:\Users\user\.dbt\profiles.yml
[0m13:51:12.887330 [info ] [MainThread]: Using dbt_project.yml file at C:\Users\user\Desktop\Weekly_task\Data_pipeline_ci_week8\dbt_project.yml
[0m13:51:12.967876 [info ] [MainThread]: Configuration:
[0m13:51:12.968877 [info ] [MainThread]:   profiles.yml file [[31mERROR invalid[0m]
[0m13:51:12.969879 [info ] [MainThread]:   dbt_project.yml file [[32mOK found and valid[0m]
[0m13:51:12.970882 [info ] [MainThread]: Required dependencies:
[0m13:51:12.970882 [debug] [MainThread]: Executing "git --help"
[0m13:51:13.027256 [debug] [MainThread]: STDOUT: "b"usage: git [-v | --version] [-h | --help] [-C <path>] [-c <name>=<value>]\n           [--exec-path[=<path>]] [--html-path] [--man-path] [--info-path]\n           [-p | --paginate | -P | --no-pager] [--no-replace-objects] [--no-lazy-fetch]\n           [--no-optional-locks] [--no-advice] [--bare] [--git-dir=<path>]\n           [--work-tree=<path>] [--namespace=<name>] [--config-env=<name>=<envvar>]\n           <command> [<args>]\n\nThese are common Git commands used in various situations:\n\nstart a working area (see also: git help tutorial)\n   clone      Clone a repository into a new directory\n   init       Create an empty Git repository or reinitialize an existing one\n\nwork on the current change (see also: git help everyday)\n   add        Add file contents to the index\n   mv         Move or rename a file, a directory, or a symlink\n   restore    Restore working tree files\n   rm         Remove files from the working tree and from the index\n\nexamine the history and state (see also: git help revisions)\n   bisect     Use binary search to find the commit that introduced a bug\n   diff       Show changes between commits, commit and working tree, etc\n   grep       Print lines matching a pattern\n   log        Show commit logs\n   show       Show various types of objects\n   status     Show the working tree status\n\ngrow, mark and tweak your common history\n   backfill   Download missing objects in a partial clone\n   branch     List, create, or delete branches\n   commit     Record changes to the repository\n   merge      Join two or more development histories together\n   rebase     Reapply commits on top of another base tip\n   reset      Reset current HEAD to the specified state\n   switch     Switch branches\n   tag        Create, list, delete or verify a tag object signed with GPG\n\ncollaborate (see also: git help workflows)\n   fetch      Download objects and refs from another repository\n   pull       Fetch from and integrate with another repository or a local branch\n   push       Update remote refs along with associated objects\n\n'git help -a' and 'git help -g' list available subcommands and some\nconcept guides. See 'git help <command>' or 'git help <concept>'\nto read about a specific subcommand or concept.\nSee 'git help git' for an overview of the system.\n""
[0m13:51:13.028255 [debug] [MainThread]: STDERR: "b''"
[0m13:51:13.029265 [info ] [MainThread]:  - git [[32mOK found[0m]

[0m13:51:13.029265 [info ] [MainThread]: Connection test skipped since no profile was found
[0m13:51:13.030266 [info ] [MainThread]: [31m1 check failed:[0m
[0m13:51:13.031265 [info ] [MainThread]: Profile loading failed for the following reason:
Runtime Error
  Could not find profile named 'warehouse_profile'


[0m13:51:13.032263 [debug] [MainThread]: Command `dbt debug` failed at 13:51:13.032263 after 0.47 seconds
[0m13:51:13.032263 [debug] [MainThread]: Sending event: {'category': 'dbt', 'action': 'invocation', 'label': 'end', 'context': [<snowplow_tracker.self_describing_json.SelfDescribingJson object at 0x0000027E7A691A30>, <snowplow_tracker.self_describing_json.SelfDescribingJson object at 0x0000027E79E34EC0>, <snowplow_tracker.self_describing_json.SelfDescribingJson object at 0x0000027E7BB9DE80>]}
[0m13:51:13.032263 [debug] [MainThread]: Flushing usage events
